Connecting to database specified by database.yml
Compiled jquery.js  (1ms)  (pid 2750)
Compiled jquery_ujs.js  (0ms)  (pid 2750)
Compiled welcome.js  (64ms)  (pid 2750)
Compiled application.js  (92ms)  (pid 2750)
Compiled welcome.css  (23ms)  (pid 2750)
Compiled application.css  (27ms)  (pid 2750)
Connecting to database specified by database.yml
Compiled jquery.js  (1ms)  (pid 2750)
Compiled jquery_ujs.js  (0ms)  (pid 2750)
Compiled welcome.js  (51ms)  (pid 2750)
Compiled application.js  (80ms)  (pid 2750)
Compiled welcome.css  (24ms)  (pid 2750)
Compiled application.css  (27ms)  (pid 2750)
Connecting to database specified by database.yml
Compiled jquery.js  (17ms)  (pid 2775)
Compiled jquery_ujs.js  (0ms)  (pid 2775)
Compiled welcome.js  (47ms)  (pid 2775)
Compiled application.js  (77ms)  (pid 2775)
Compiled welcome.css  (22ms)  (pid 2775)
Compiled application.css  (26ms)  (pid 2775)
Connecting to database specified by database.yml
Compiled jquery.js  (16ms)  (pid 2775)
Compiled jquery_ujs.js  (0ms)  (pid 2775)
Compiled welcome.js  (48ms)  (pid 2775)
Compiled application.js  (79ms)  (pid 2775)
Compiled welcome.css  (22ms)  (pid 2775)
Compiled application.css  (26ms)  (pid 2775)
Connecting to database specified by database.yml
Compiled jquery.js  (19ms)  (pid 3026)
Compiled jquery_ujs.js  (0ms)  (pid 3026)
Compiled welcome.js  (62ms)  (pid 3026)
Compiled application.js  (99ms)  (pid 3026)
Compiled welcome.css  (29ms)  (pid 3026)
Compiled application.css  (32ms)  (pid 3026)
Connecting to database specified by database.yml
Compiled jquery.js  (44ms)  (pid 3026)
Compiled jquery_ujs.js  (0ms)  (pid 3026)
Compiled welcome.js  (118ms)  (pid 3026)
Compiled application.js  (187ms)  (pid 3026)
Compiled welcome.css  (63ms)  (pid 3026)
Compiled application.css  (67ms)  (pid 3026)
Connecting to database specified by database.yml
Compiled jquery.js  (1ms)  (pid 3121)
Compiled jquery_ujs.js  (0ms)  (pid 3121)
Compiled welcome.js  (55ms)  (pid 3121)
Compiled application.js  (92ms)  (pid 3121)
Compiled welcome.css  (6ms)  (pid 3121)
Compiled application.css  (26ms)  (pid 3121)
Connecting to database specified by database.yml
Compiled jquery.js  (2ms)  (pid 3121)
Compiled jquery_ujs.js  (0ms)  (pid 3121)
Compiled welcome.js  (86ms)  (pid 3121)
Compiled application.js  (109ms)  (pid 3121)
Compiled welcome.css  (6ms)  (pid 3121)
Compiled application.css  (9ms)  (pid 3121)
Connecting to database specified by database.yml
Compiled jquery.js  (18ms)  (pid 3169)
Compiled jquery_ujs.js  (0ms)  (pid 3169)
Compiled welcome.js  (66ms)  (pid 3169)
Compiled application.js  (101ms)  (pid 3169)
Compiled welcome.css  (8ms)  (pid 3169)
Compiled application.css  (11ms)  (pid 3169)
Connecting to database specified by database.yml
Compiled jquery.js  (23ms)  (pid 3169)
Compiled jquery_ujs.js  (0ms)  (pid 3169)
Compiled welcome.js  (72ms)  (pid 3169)
Compiled application.js  (109ms)  (pid 3169)
Compiled welcome.css  (8ms)  (pid 3169)
Compiled application.css  (14ms)  (pid 3169)
Connecting to database specified by database.yml
Compiled jquery.js  (1ms)  (pid 3243)
Compiled jquery_ujs.js  (0ms)  (pid 3243)
Compiled bootstrap-transition.js  (0ms)  (pid 3243)
Compiled bootstrap-affix.js  (0ms)  (pid 3243)
Compiled bootstrap-alert.js  (0ms)  (pid 3243)
Compiled bootstrap-button.js  (0ms)  (pid 3243)
Compiled bootstrap-carousel.js  (0ms)  (pid 3243)
Compiled bootstrap-collapse.js  (0ms)  (pid 3243)
Compiled bootstrap-dropdown.js  (0ms)  (pid 3243)
Compiled bootstrap-modal.js  (0ms)  (pid 3243)
Compiled bootstrap-scrollspy.js  (0ms)  (pid 3243)
Compiled bootstrap-tab.js  (0ms)  (pid 3243)
Compiled bootstrap-tooltip.js  (0ms)  (pid 3243)
Compiled bootstrap-popover.js  (0ms)  (pid 3243)
Compiled bootstrap-typeahead.js  (0ms)  (pid 3243)
Compiled bootstrap.js  (95ms)  (pid 3243)
Compiled welcome.js  (79ms)  (pid 3243)
Compiled application.js  (266ms)  (pid 3243)
Compiled welcome.css  (27ms)  (pid 3243)
Compiled application.css  (31ms)  (pid 3243)
Connecting to database specified by database.yml
Compiled jquery.js  (27ms)  (pid 3243)
Compiled jquery_ujs.js  (0ms)  (pid 3243)
Compiled bootstrap-transition.js  (0ms)  (pid 3243)
Compiled bootstrap-affix.js  (0ms)  (pid 3243)
Compiled bootstrap-alert.js  (0ms)  (pid 3243)
Compiled bootstrap-button.js  (0ms)  (pid 3243)
Compiled bootstrap-carousel.js  (0ms)  (pid 3243)
Compiled bootstrap-collapse.js  (0ms)  (pid 3243)
Compiled bootstrap-dropdown.js  (0ms)  (pid 3243)
Compiled bootstrap-modal.js  (0ms)  (pid 3243)
Compiled bootstrap-scrollspy.js  (0ms)  (pid 3243)
Compiled bootstrap-tab.js  (0ms)  (pid 3243)
Compiled bootstrap-tooltip.js  (0ms)  (pid 3243)
Compiled bootstrap-popover.js  (0ms)  (pid 3243)
Compiled bootstrap-typeahead.js  (0ms)  (pid 3243)
Compiled bootstrap.js  (96ms)  (pid 3243)
Compiled welcome.js  (58ms)  (pid 3243)
Compiled application.js  (231ms)  (pid 3243)
Compiled welcome.css  (28ms)  (pid 3243)
Compiled application.css  (34ms)  (pid 3243)
Connecting to database specified by database.yml
Compiled jquery.js  (2ms)  (pid 3269)
Compiled jquery_ujs.js  (0ms)  (pid 3269)
Compiled application.js  (32ms)  (pid 3269)
Connecting to database specified by database.yml
Compiled jquery.js  (22ms)  (pid 3281)
Compiled jquery_ujs.js  (0ms)  (pid 3281)
Compiled bootstrap-transition.js  (0ms)  (pid 3281)
Compiled bootstrap-affix.js  (0ms)  (pid 3281)
Compiled bootstrap-alert.js  (0ms)  (pid 3281)
Compiled bootstrap-button.js  (0ms)  (pid 3281)
Compiled bootstrap-carousel.js  (0ms)  (pid 3281)
Compiled bootstrap-collapse.js  (0ms)  (pid 3281)
Compiled bootstrap-dropdown.js  (0ms)  (pid 3281)
Compiled bootstrap-modal.js  (1ms)  (pid 3281)
Compiled bootstrap-scrollspy.js  (0ms)  (pid 3281)
Compiled bootstrap-tab.js  (0ms)  (pid 3281)
Compiled bootstrap-tooltip.js  (0ms)  (pid 3281)
Compiled bootstrap-popover.js  (0ms)  (pid 3281)
Compiled bootstrap-typeahead.js  (0ms)  (pid 3281)
Compiled bootstrap.js  (93ms)  (pid 3281)
Compiled welcome.js  (81ms)  (pid 3281)
Compiled application.js  (214ms)  (pid 3281)
Compiled welcome.css  (30ms)  (pid 3281)
Compiled application.css  (34ms)  (pid 3281)
Connecting to database specified by database.yml
Compiled jquery.js  (26ms)  (pid 3281)
Compiled jquery_ujs.js  (0ms)  (pid 3281)
Compiled bootstrap-transition.js  (0ms)  (pid 3281)
Compiled bootstrap-affix.js  (0ms)  (pid 3281)
Compiled bootstrap-alert.js  (1ms)  (pid 3281)
Compiled bootstrap-button.js  (0ms)  (pid 3281)
Compiled bootstrap-carousel.js  (0ms)  (pid 3281)
Compiled bootstrap-collapse.js  (0ms)  (pid 3281)
Compiled bootstrap-dropdown.js  (0ms)  (pid 3281)
Compiled bootstrap-modal.js  (0ms)  (pid 3281)
Compiled bootstrap-scrollspy.js  (0ms)  (pid 3281)
Compiled bootstrap-tab.js  (0ms)  (pid 3281)
Compiled bootstrap-tooltip.js  (0ms)  (pid 3281)
Compiled bootstrap-popover.js  (0ms)  (pid 3281)
Compiled bootstrap-typeahead.js  (0ms)  (pid 3281)
Compiled bootstrap.js  (90ms)  (pid 3281)
Compiled welcome.js  (58ms)  (pid 3281)
Compiled application.js  (211ms)  (pid 3281)
Compiled welcome.css  (29ms)  (pid 3281)
Compiled application.css  (33ms)  (pid 3281)
Connecting to database specified by database.yml
Compiled jquery.js  (2ms)  (pid 3311)
Compiled jquery_ujs.js  (0ms)  (pid 3311)
Compiled bootstrap-transition.js  (0ms)  (pid 3311)
Compiled bootstrap-affix.js  (0ms)  (pid 3311)
Compiled bootstrap-alert.js  (0ms)  (pid 3311)
Compiled bootstrap-button.js  (0ms)  (pid 3311)
Compiled bootstrap-carousel.js  (19ms)  (pid 3311)
Compiled bootstrap-collapse.js  (0ms)  (pid 3311)
Compiled bootstrap-dropdown.js  (0ms)  (pid 3311)
Compiled bootstrap-modal.js  (0ms)  (pid 3311)
Compiled bootstrap-scrollspy.js  (0ms)  (pid 3311)
Compiled bootstrap-tab.js  (0ms)  (pid 3311)
Compiled bootstrap-tooltip.js  (0ms)  (pid 3311)
Compiled bootstrap-popover.js  (0ms)  (pid 3311)
Compiled bootstrap-typeahead.js  (0ms)  (pid 3311)
Compiled bootstrap.js  (102ms)  (pid 3311)
Compiled welcome.js  (96ms)  (pid 3311)
Compiled application.js  (250ms)  (pid 3311)
Compiled welcome.css  (26ms)  (pid 3311)
Compiled application.css  (29ms)  (pid 3311)
Connecting to database specified by database.yml
Compiled jquery.js  (24ms)  (pid 3311)
Compiled jquery_ujs.js  (0ms)  (pid 3311)
Compiled bootstrap-transition.js  (0ms)  (pid 3311)
Compiled bootstrap-affix.js  (0ms)  (pid 3311)
Compiled bootstrap-alert.js  (0ms)  (pid 3311)
Compiled bootstrap-button.js  (0ms)  (pid 3311)
Compiled bootstrap-carousel.js  (0ms)  (pid 3311)
Compiled bootstrap-collapse.js  (0ms)  (pid 3311)
Compiled bootstrap-dropdown.js  (0ms)  (pid 3311)
Compiled bootstrap-modal.js  (0ms)  (pid 3311)
Compiled bootstrap-scrollspy.js  (2ms)  (pid 3311)
Compiled bootstrap-tab.js  (0ms)  (pid 3311)
Compiled bootstrap-tooltip.js  (0ms)  (pid 3311)
Compiled bootstrap-popover.js  (1ms)  (pid 3311)
Compiled bootstrap-typeahead.js  (0ms)  (pid 3311)
Compiled bootstrap.js  (122ms)  (pid 3311)
Compiled welcome.js  (82ms)  (pid 3311)
Compiled application.js  (279ms)  (pid 3311)
Compiled welcome.css  (7ms)  (pid 3311)
Compiled application.css  (13ms)  (pid 3311)
Connecting to database specified by database.yml
Connecting to database specified by database.yml
Connecting to database specified by database.yml
Compiled jquery.js  (18ms)  (pid 3727)
Compiled jquery_ujs.js  (0ms)  (pid 3727)
Compiled bootstrap-transition.js  (0ms)  (pid 3727)
Compiled bootstrap-affix.js  (0ms)  (pid 3727)
Compiled bootstrap-alert.js  (0ms)  (pid 3727)
Compiled bootstrap-button.js  (0ms)  (pid 3727)
Compiled bootstrap-carousel.js  (0ms)  (pid 3727)
Compiled bootstrap-collapse.js  (0ms)  (pid 3727)
Compiled bootstrap-dropdown.js  (0ms)  (pid 3727)
Compiled bootstrap-modal.js  (0ms)  (pid 3727)
Compiled bootstrap-scrollspy.js  (0ms)  (pid 3727)
Compiled bootstrap-tab.js  (0ms)  (pid 3727)
Compiled bootstrap-tooltip.js  (0ms)  (pid 3727)
Compiled bootstrap-popover.js  (0ms)  (pid 3727)
Compiled bootstrap-typeahead.js  (0ms)  (pid 3727)
Compiled bootstrap.js  (110ms)  (pid 3727)
Compiled welcome.js  (61ms)  (pid 3727)
Compiled application.js  (213ms)  (pid 3727)
Compiled welcome.css  (6ms)  (pid 3727)
Compiled application.css  (11ms)  (pid 3727)
Connecting to database specified by database.yml
Compiled jquery.js  (17ms)  (pid 3727)
Compiled jquery_ujs.js  (0ms)  (pid 3727)
Compiled bootstrap-transition.js  (0ms)  (pid 3727)
Compiled bootstrap-affix.js  (0ms)  (pid 3727)
Compiled bootstrap-alert.js  (0ms)  (pid 3727)
Compiled bootstrap-button.js  (0ms)  (pid 3727)
Compiled bootstrap-carousel.js  (0ms)  (pid 3727)
Compiled bootstrap-collapse.js  (0ms)  (pid 3727)
Compiled bootstrap-dropdown.js  (0ms)  (pid 3727)
Compiled bootstrap-modal.js  (0ms)  (pid 3727)
Compiled bootstrap-scrollspy.js  (0ms)  (pid 3727)
Compiled bootstrap-tab.js  (0ms)  (pid 3727)
Compiled bootstrap-tooltip.js  (0ms)  (pid 3727)
Compiled bootstrap-popover.js  (0ms)  (pid 3727)
Compiled bootstrap-typeahead.js  (0ms)  (pid 3727)
Compiled bootstrap.js  (87ms)  (pid 3727)
Compiled welcome.js  (72ms)  (pid 3727)
Compiled application.js  (206ms)  (pid 3727)
Compiled welcome.css  (9ms)  (pid 3727)
Compiled application.css  (15ms)  (pid 3727)
Connecting to database specified by database.yml
Compiled jquery.js  (17ms)  (pid 2013)
Compiled jquery_ujs.js  (0ms)  (pid 2013)
Compiled welcome.js  (76ms)  (pid 2013)
Compiled application.js  (135ms)  (pid 2013)
Compiled welcome.css  (268ms)  (pid 2013)
Compiled application.css  (281ms)  (pid 2013)
Connecting to database specified by database.yml
Compiled jquery.js  (16ms)  (pid 2013)
Compiled jquery_ujs.js  (0ms)  (pid 2013)
Compiled welcome.js  (50ms)  (pid 2013)
Compiled application.js  (80ms)  (pid 2013)
Compiled welcome.css  (22ms)  (pid 2013)
Compiled application.css  (26ms)  (pid 2013)
